<?xml version="1.0" encoding="UTF-8"?>
<coverage generated="1561585619827" clover="3.2.0">
  <project timestamp="1561585619828" name="All files">
    <metrics statements="93" coveredstatements="93" conditionals="24" coveredconditionals="24" methods="27" coveredmethods="27" elements="144" coveredelements="144" complexity="0" loc="93" ncloc="93" packages="1" files="7" classes="7"/>
    <file name="cli.js" path="/Users/valeriaberrocal/Desktop/LIM009-fe-md-links/src/cli.js">
      <metrics statements="33" coveredstatements="33" conditionals="10" coveredconditionals="10" methods="8" coveredmethods="8"/>
      <line num="6" count="1" type="stmt"/>
      <line num="7" count="9" type="stmt"/>
      <line num="8" count="9" type="stmt"/>
      <line num="9" count="9" type="cond" truecount="2" falsecount="0"/>
      <line num="10" count="7" type="cond" truecount="2" falsecount="0"/>
      <line num="11" count="2" type="stmt"/>
      <line num="12" count="2" type="stmt"/>
      <line num="14" count="2" type="stmt"/>
      <line num="15" count="2" type="stmt"/>
      <line num="16" count="2" type="stmt"/>
      <line num="17" count="2" type="stmt"/>
      <line num="19" count="2" type="stmt"/>
      <line num="21" count="5" type="cond" truecount="4" falsecount="0"/>
      <line num="22" count="2" type="stmt"/>
      <line num="23" count="2" type="stmt"/>
      <line num="25" count="2" type="stmt"/>
      <line num="27" count="2" type="stmt"/>
      <line num="28" count="2" type="stmt"/>
      <line num="30" count="3" type="cond" truecount="2" falsecount="0"/>
      <line num="31" count="2" type="stmt"/>
      <line num="33" count="2" type="stmt"/>
      <line num="35" count="2" type="stmt"/>
      <line num="36" count="2" type="stmt"/>
      <line num="39" count="1" type="stmt"/>
      <line num="41" count="1" type="stmt"/>
      <line num="43" count="1" type="stmt"/>
      <line num="44" count="1" type="stmt"/>
      <line num="48" count="2" type="stmt"/>
      <line num="50" count="2" type="stmt"/>
      <line num="51" count="2" type="stmt"/>
      <line num="52" count="2" type="stmt"/>
      <line num="53" count="2" type="stmt"/>
      <line num="55" count="2" type="stmt"/>
    </file>
    <file name="directory-controller.js" path="/Users/valeriaberrocal/Desktop/LIM009-fe-md-links/src/directory-controller.js">
      <metrics statements="12" coveredstatements="12" conditionals="4" coveredconditionals="4" methods="3" coveredmethods="3"/>
      <line num="6" count="4" type="stmt"/>
      <line num="7" count="70" type="stmt"/>
      <line num="8" count="70" type="stmt"/>
      <line num="10" count="4" type="stmt"/>
      <line num="11" count="68" type="stmt"/>
      <line num="12" count="68" type="cond" truecount="2" falsecount="0"/>
      <line num="13" count="35" type="cond" truecount="2" falsecount="0"/>
      <line num="14" count="29" type="stmt"/>
      <line num="17" count="33" type="stmt"/>
      <line num="18" count="51" type="stmt"/>
      <line num="19" count="51" type="stmt"/>
      <line num="22" count="68" type="stmt"/>
    </file>
    <file name="links-controller.js" path="/Users/valeriaberrocal/Desktop/LIM009-fe-md-links/src/links-controller.js">
      <metrics statements="8" coveredstatements="8" conditionals="0" coveredconditionals="0" methods="2" coveredmethods="2"/>
      <line num="4" count="4" type="stmt"/>
      <line num="5" count="30" type="stmt"/>
      <line num="6" count="30" type="stmt"/>
      <line num="7" count="30" type="stmt"/>
      <line num="8" count="30" type="stmt"/>
      <line num="9" count="59" type="stmt"/>
      <line num="11" count="30" type="stmt"/>
      <line num="12" count="30" type="stmt"/>
    </file>
    <file name="mdLinks.js" path="/Users/valeriaberrocal/Desktop/LIM009-fe-md-links/src/mdLinks.js">
      <metrics statements="7" coveredstatements="7" conditionals="4" coveredconditionals="4" methods="2" coveredmethods="2"/>
      <line num="5" count="2" type="stmt"/>
      <line num="6" count="16" type="stmt"/>
      <line num="7" count="16" type="cond" truecount="2" falsecount="0"/>
      <line num="8" count="14" type="cond" truecount="2" falsecount="0"/>
      <line num="9" count="6" type="stmt"/>
      <line num="11" count="8" type="stmt"/>
      <line num="14" count="2" type="stmt"/>
    </file>
    <file name="path-controller.js" path="/Users/valeriaberrocal/Desktop/LIM009-fe-md-links/src/path-controller.js">
      <metrics statements="6" coveredstatements="6" conditionals="0" coveredconditionals="0" methods="3" coveredmethods="3"/>
      <line num="3" count="5" type="stmt"/>
      <line num="4" count="18" type="stmt"/>
      <line num="7" count="5" type="stmt"/>
      <line num="8" count="3" type="stmt"/>
      <line num="11" count="5" type="stmt"/>
      <line num="12" count="37" type="stmt"/>
    </file>
    <file name="stats.js" path="/Users/valeriaberrocal/Desktop/LIM009-fe-md-links/src/stats.js">
      <metrics statements="16" coveredstatements="16" conditionals="2" coveredconditionals="2" methods="6" coveredmethods="6"/>
      <line num="1" count="2" type="stmt"/>
      <line num="2" count="15" type="cond" truecount="2" falsecount="0"/>
      <line num="3" count="10" type="stmt"/>
      <line num="9" count="5" type="stmt"/>
      <line num="16" count="2" type="stmt"/>
      <line num="17" count="16" type="stmt"/>
      <line num="18" count="16" type="stmt"/>
      <line num="21" count="2" type="stmt"/>
      <line num="22" count="11" type="stmt"/>
      <line num="23" count="13" type="stmt"/>
      <line num="25" count="11" type="stmt"/>
      <line num="28" count="2" type="stmt"/>
      <line num="29" count="16" type="stmt"/>
      <line num="30" count="19" type="stmt"/>
      <line num="32" count="16" type="stmt"/>
      <line num="33" count="16" type="stmt"/>
    </file>
    <file name="validate.js" path="/Users/valeriaberrocal/Desktop/LIM009-fe-md-links/src/validate.js">
      <metrics statements="11" coveredstatements="11" conditionals="4" coveredconditionals="4" methods="3" coveredmethods="3"/>
      <line num="3" count="3" type="stmt"/>
      <line num="4" count="7" type="stmt"/>
      <line num="5" count="21" type="stmt"/>
      <line num="7" count="21" type="cond" truecount="4" falsecount="0"/>
      <line num="8" count="18" type="stmt"/>
      <line num="9" count="18" type="stmt"/>
      <line num="10" count="18" type="stmt"/>
      <line num="12" count="3" type="stmt"/>
      <line num="13" count="3" type="stmt"/>
      <line num="14" count="3" type="stmt"/>
      <line num="18" count="7" type="stmt"/>
    </file>
  </project>
</coverage>
