{"/Users/valeriaberrocal/Desktop/LIM009-fe-md-links/src/directory-controller.js": {"path":"/Users/valeriaberrocal/Desktop/LIM009-fe-md-links/src/directory-controller.js","statementMap":{"0":{"start":{"line":6,"column":22},"end":{"line":9,"column":1}},"1":{"start":{"line":7,"column":20},"end":{"line":7,"column":36}},"2":{"start":{"line":8,"column":4},"end":{"line":8,"column":28}},"3":{"start":{"line":10,"column":23},"end":{"line":23,"column":1}},"4":{"start":{"line":11,"column":14},"end":{"line":11,"column":16}},"5":{"start":{"line":12,"column":4},"end":{"line":21,"column":5}},"6":{"start":{"line":13,"column":8},"end":{"line":15,"column":9}},"7":{"start":{"line":14,"column":12},"end":{"line":14,"column":51}},"8":{"start":{"line":17,"column":8},"end":{"line":20,"column":10}},"9":{"start":{"line":18,"column":29},"end":{"line":18,"column":50}},"10":{"start":{"line":19,"column":12},"end":{"line":19,"column":47}},"11":{"start":{"line":22,"column":4},"end":{"line":22,"column":15}}},"fnMap":{"0":{"name":"(anonymous_0)","decl":{"start":{"line":6,"column":22},"end":{"line":6,"column":23}},"loc":{"start":{"line":6,"column":31},"end":{"line":9,"column":1}},"line":6},"1":{"name":"(anonymous_1)","decl":{"start":{"line":10,"column":23},"end":{"line":10,"column":24}},"loc":{"start":{"line":10,"column":33},"end":{"line":23,"column":1}},"line":10},"2":{"name":"(anonymous_2)","decl":{"start":{"line":17,"column":37},"end":{"line":17,"column":38}},"loc":{"start":{"line":17,"column":45},"end":{"line":20,"column":9}},"line":17}},"branchMap":{"0":{"loc":{"start":{"line":12,"column":4},"end":{"line":21,"column":5}},"type":"if","locations":[{"start":{"line":12,"column":4},"end":{"line":21,"column":5}},{"start":{"line":12,"column":4},"end":{"line":21,"column":5}}],"line":12},"1":{"loc":{"start":{"line":13,"column":8},"end":{"line":15,"column":9}},"type":"if","locations":[{"start":{"line":13,"column":8},"end":{"line":15,"column":9}},{"start":{"line":13,"column":8},"end":{"line":15,"column":9}}],"line":13}},"s":{"0":1,"1":44,"2":44,"3":1,"4":42,"5":42,"6":22,"7":17,"8":20,"9":35,"10":35,"11":42},"f":{"0":44,"1":42,"2":35},"b":{"0":[22,20],"1":[17,5]},"_coverageSchema":"43e27e138ebf9cfc5966b082cf9a028302ed4184","hash":"a2654c6f144bab599dd9a271d64329496883a5fa"}
,"/Users/valeriaberrocal/Desktop/LIM009-fe-md-links/src/links-controller.js": {"path":"/Users/valeriaberrocal/Desktop/LIM009-fe-md-links/src/links-controller.js","statementMap":{"0":{"start":{"line":4,"column":31},"end":{"line":13,"column":1}},"1":{"start":{"line":5,"column":21},"end":{"line":5,"column":53}},"2":{"start":{"line":6,"column":19},"end":{"line":6,"column":42}},"3":{"start":{"line":7,"column":16},"end":{"line":7,"column":18}},"4":{"start":{"line":8,"column":4},"end":{"line":10,"column":6}},"5":{"start":{"line":9,"column":8},"end":{"line":9,"column":46}},"6":{"start":{"line":11,"column":4},"end":{"line":11,"column":46}},"7":{"start":{"line":12,"column":4},"end":{"line":12,"column":17}}},"fnMap":{"0":{"name":"(anonymous_0)","decl":{"start":{"line":4,"column":31},"end":{"line":4,"column":32}},"loc":{"start":{"line":4,"column":41},"end":{"line":13,"column":1}},"line":4},"1":{"name":"(anonymous_1)","decl":{"start":{"line":8,"column":20},"end":{"line":8,"column":21}},"loc":{"start":{"line":8,"column":43},"end":{"line":10,"column":5}},"line":8}},"branchMap":{},"s":{"0":1,"1":18,"2":18,"3":18,"4":18,"5":43,"6":18,"7":18},"f":{"0":18,"1":43},"b":{},"_coverageSchema":"43e27e138ebf9cfc5966b082cf9a028302ed4184","hash":"f95a86e05025c42fde6632ad621017bc8235d71c"}
,"/Users/valeriaberrocal/Desktop/LIM009-fe-md-links/src/mdLinks.js": {"path":"/Users/valeriaberrocal/Desktop/LIM009-fe-md-links/src/mdLinks.js","statementMap":{"0":{"start":{"line":5,"column":23},"end":{"line":19,"column":1}},"1":{"start":{"line":6,"column":2},"end":{"line":18,"column":4}},"2":{"start":{"line":7,"column":4},"end":{"line":17,"column":5}},"3":{"start":{"line":8,"column":8},"end":{"line":13,"column":9}},"4":{"start":{"line":9,"column":12},"end":{"line":10,"column":44}},"5":{"start":{"line":10,"column":26},"end":{"line":10,"column":42}},"6":{"start":{"line":12,"column":8},"end":{"line":12,"column":31}},"7":{"start":{"line":15,"column":9},"end":{"line":16,"column":38}},"8":{"start":{"line":16,"column":20},"end":{"line":16,"column":36}}},"fnMap":{"0":{"name":"(anonymous_0)","decl":{"start":{"line":5,"column":23},"end":{"line":5,"column":24}},"loc":{"start":{"line":5,"column":43},"end":{"line":19,"column":1}},"line":5},"1":{"name":"(anonymous_1)","decl":{"start":{"line":6,"column":21},"end":{"line":6,"column":22}},"loc":{"start":{"line":6,"column":40},"end":{"line":18,"column":3}},"line":6},"2":{"name":"(anonymous_2)","decl":{"start":{"line":10,"column":18},"end":{"line":10,"column":19}},"loc":{"start":{"line":10,"column":25},"end":{"line":10,"column":43}},"line":10},"3":{"name":"(anonymous_3)","decl":{"start":{"line":16,"column":14},"end":{"line":16,"column":15}},"loc":{"start":{"line":16,"column":19},"end":{"line":16,"column":37}},"line":16}},"branchMap":{"0":{"loc":{"start":{"line":7,"column":4},"end":{"line":17,"column":5}},"type":"if","locations":[{"start":{"line":7,"column":4},"end":{"line":17,"column":5}},{"start":{"line":7,"column":4},"end":{"line":17,"column":5}}],"line":7},"1":{"loc":{"start":{"line":8,"column":8},"end":{"line":13,"column":9}},"type":"if","locations":[{"start":{"line":8,"column":8},"end":{"line":13,"column":9}},{"start":{"line":8,"column":8},"end":{"line":13,"column":9}}],"line":8}},"s":{"0":1,"1":6,"2":6,"3":4,"4":2,"5":0,"6":2,"7":2,"8":0},"f":{"0":6,"1":6,"2":0,"3":0},"b":{"0":[4,2],"1":[2,2]},"_coverageSchema":"43e27e138ebf9cfc5966b082cf9a028302ed4184","hash":"0b2537dc5bb9a3f003d2830b9c16a6031966f7d3"}
,"/Users/valeriaberrocal/Desktop/LIM009-fe-md-links/src/path-controller.js": {"path":"/Users/valeriaberrocal/Desktop/LIM009-fe-md-links/src/path-controller.js","statementMap":{"0":{"start":{"line":3,"column":26},"end":{"line":5,"column":1}},"1":{"start":{"line":4,"column":4},"end":{"line":4,"column":32}},"2":{"start":{"line":7,"column":26},"end":{"line":9,"column":1}},"3":{"start":{"line":8,"column":4},"end":{"line":8,"column":29}},"4":{"start":{"line":11,"column":20},"end":{"line":13,"column":1}},"5":{"start":{"line":12,"column":4},"end":{"line":12,"column":40}}},"fnMap":{"0":{"name":"(anonymous_0)","decl":{"start":{"line":3,"column":26},"end":{"line":3,"column":27}},"loc":{"start":{"line":3,"column":35},"end":{"line":5,"column":1}},"line":3},"1":{"name":"(anonymous_1)","decl":{"start":{"line":7,"column":26},"end":{"line":7,"column":27}},"loc":{"start":{"line":7,"column":35},"end":{"line":9,"column":1}},"line":7},"2":{"name":"(anonymous_2)","decl":{"start":{"line":11,"column":20},"end":{"line":11,"column":21}},"loc":{"start":{"line":11,"column":29},"end":{"line":13,"column":1}},"line":11}},"branchMap":{},"s":{"0":1,"1":8,"2":1,"3":3,"4":1,"5":24},"f":{"0":8,"1":3,"2":24},"b":{},"_coverageSchema":"43e27e138ebf9cfc5966b082cf9a028302ed4184","hash":"f7d0893f4a2accc732a00132fa74e65c80044094"}
,"/Users/valeriaberrocal/Desktop/LIM009-fe-md-links/src/stats.js": {"path":"/Users/valeriaberrocal/Desktop/LIM009-fe-md-links/src/stats.js","statementMap":{"0":{"start":{"line":1,"column":25},"end":{"line":15,"column":1}},"1":{"start":{"line":2,"column":4},"end":{"line":13,"column":5}},"2":{"start":{"line":3,"column":8},"end":{"line":7,"column":9}},"3":{"start":{"line":9,"column":8},"end":{"line":12,"column":9}},"4":{"start":{"line":16,"column":21},"end":{"line":19,"column":1}},"5":{"start":{"line":17,"column":16},"end":{"line":17,"column":26}},"6":{"start":{"line":18,"column":4},"end":{"line":18,"column":17}},"7":{"start":{"line":21,"column":22},"end":{"line":26,"column":1}},"8":{"start":{"line":22,"column":4},"end":{"line":24,"column":6}},"9":{"start":{"line":23,"column":8},"end":{"line":23,"column":30}},"10":{"start":{"line":25,"column":4},"end":{"line":25,"column":21}},"11":{"start":{"line":28,"column":22},"end":{"line":34,"column":1}},"12":{"start":{"line":29,"column":21},"end":{"line":31,"column":6}},"13":{"start":{"line":30,"column":8},"end":{"line":30,"column":22}},"14":{"start":{"line":32,"column":17},"end":{"line":32,"column":42}},"15":{"start":{"line":33,"column":4},"end":{"line":33,"column":25}}},"fnMap":{"0":{"name":"(anonymous_0)","decl":{"start":{"line":1,"column":25},"end":{"line":1,"column":26}},"loc":{"start":{"line":1,"column":41},"end":{"line":15,"column":1}},"line":1},"1":{"name":"(anonymous_1)","decl":{"start":{"line":16,"column":21},"end":{"line":16,"column":22}},"loc":{"start":{"line":16,"column":30},"end":{"line":19,"column":1}},"line":16},"2":{"name":"(anonymous_2)","decl":{"start":{"line":21,"column":22},"end":{"line":21,"column":23}},"loc":{"start":{"line":21,"column":31},"end":{"line":26,"column":1}},"line":21},"3":{"name":"(anonymous_3)","decl":{"start":{"line":22,"column":21},"end":{"line":22,"column":22}},"loc":{"start":{"line":22,"column":24},"end":{"line":24,"column":5}},"line":22},"4":{"name":"(anonymous_4)","decl":{"start":{"line":28,"column":22},"end":{"line":28,"column":23}},"loc":{"start":{"line":28,"column":31},"end":{"line":34,"column":1}},"line":28},"5":{"name":"(anonymous_5)","decl":{"start":{"line":29,"column":29},"end":{"line":29,"column":30}},"loc":{"start":{"line":29,"column":32},"end":{"line":31,"column":5}},"line":29}},"branchMap":{"0":{"loc":{"start":{"line":2,"column":4},"end":{"line":13,"column":5}},"type":"if","locations":[{"start":{"line":2,"column":4},"end":{"line":13,"column":5}},{"start":{"line":2,"column":4},"end":{"line":13,"column":5}}],"line":2}},"s":{"0":1,"1":2,"2":1,"3":1,"4":1,"5":3,"6":3,"7":1,"8":2,"9":4,"10":2,"11":1,"12":3,"13":6,"14":3,"15":3},"f":{"0":2,"1":3,"2":2,"3":4,"4":3,"5":6},"b":{"0":[1,1]},"_coverageSchema":"43e27e138ebf9cfc5966b082cf9a028302ed4184","hash":"095b482ca01679255aef02eb12ab04f27bade0ee"}
,"/Users/valeriaberrocal/Desktop/LIM009-fe-md-links/src/validate.js": {"path":"/Users/valeriaberrocal/Desktop/LIM009-fe-md-links/src/validate.js","statementMap":{"0":{"start":{"line":3,"column":27},"end":{"line":19,"column":4}},"1":{"start":{"line":4,"column":23},"end":{"line":17,"column":6}},"2":{"start":{"line":5,"column":8},"end":{"line":16,"column":10}},"3":{"start":{"line":7,"column":11},"end":{"line":15,"column":12}},"4":{"start":{"line":8,"column":12},"end":{"line":8,"column":35}},"5":{"start":{"line":9,"column":12},"end":{"line":9,"column":35}},"6":{"start":{"line":10,"column":12},"end":{"line":10,"column":22}},"7":{"start":{"line":12,"column":12},"end":{"line":12,"column":35}},"8":{"start":{"line":13,"column":12},"end":{"line":13,"column":27}},"9":{"start":{"line":14,"column":12},"end":{"line":14,"column":23}},"10":{"start":{"line":18,"column":4},"end":{"line":18,"column":35}}},"fnMap":{"0":{"name":"(anonymous_0)","decl":{"start":{"line":3,"column":27},"end":{"line":3,"column":28}},"loc":{"start":{"line":3,"column":35},"end":{"line":19,"column":4}},"line":3},"1":{"name":"(anonymous_1)","decl":{"start":{"line":4,"column":31},"end":{"line":4,"column":32}},"loc":{"start":{"line":4,"column":38},"end":{"line":17,"column":5}},"line":4},"2":{"name":"(anonymous_2)","decl":{"start":{"line":6,"column":14},"end":{"line":6,"column":15}},"loc":{"start":{"line":6,"column":21},"end":{"line":16,"column":8}},"line":6}},"branchMap":{"0":{"loc":{"start":{"line":7,"column":11},"end":{"line":15,"column":12}},"type":"if","locations":[{"start":{"line":7,"column":11},"end":{"line":15,"column":12}},{"start":{"line":7,"column":11},"end":{"line":15,"column":12}}],"line":7},"1":{"loc":{"start":{"line":7,"column":14},"end":{"line":7,"column":47}},"type":"binary-expr","locations":[{"start":{"line":7,"column":14},"end":{"line":7,"column":29}},{"start":{"line":7,"column":33},"end":{"line":7,"column":47}}],"line":7}},"s":{"0":1,"1":3,"2":17,"3":17,"4":14,"5":14,"6":14,"7":3,"8":3,"9":3,"10":3},"f":{"0":3,"1":17,"2":17},"b":{"0":[14,3],"1":[17,17]},"_coverageSchema":"43e27e138ebf9cfc5966b082cf9a028302ed4184","hash":"f94539e8dc8345de48d3278424ad49d3efe72af0"}
}
