{"/Users/valeriaberrocal/Desktop/LIM009-fe-md-links/src/directory-controller.js": {"path":"/Users/valeriaberrocal/Desktop/LIM009-fe-md-links/src/directory-controller.js","statementMap":{"0":{"start":{"line":6,"column":22},"end":{"line":9,"column":1}},"1":{"start":{"line":7,"column":20},"end":{"line":7,"column":36}},"2":{"start":{"line":8,"column":4},"end":{"line":8,"column":28}},"3":{"start":{"line":10,"column":23},"end":{"line":23,"column":1}},"4":{"start":{"line":11,"column":14},"end":{"line":11,"column":16}},"5":{"start":{"line":12,"column":4},"end":{"line":21,"column":5}},"6":{"start":{"line":13,"column":8},"end":{"line":15,"column":9}},"7":{"start":{"line":14,"column":12},"end":{"line":14,"column":51}},"8":{"start":{"line":17,"column":8},"end":{"line":20,"column":10}},"9":{"start":{"line":18,"column":29},"end":{"line":18,"column":50}},"10":{"start":{"line":19,"column":12},"end":{"line":19,"column":47}},"11":{"start":{"line":22,"column":4},"end":{"line":22,"column":15}}},"fnMap":{"0":{"name":"(anonymous_0)","decl":{"start":{"line":6,"column":22},"end":{"line":6,"column":23}},"loc":{"start":{"line":6,"column":31},"end":{"line":9,"column":1}},"line":6},"1":{"name":"(anonymous_1)","decl":{"start":{"line":10,"column":23},"end":{"line":10,"column":24}},"loc":{"start":{"line":10,"column":33},"end":{"line":23,"column":1}},"line":10},"2":{"name":"(anonymous_2)","decl":{"start":{"line":17,"column":37},"end":{"line":17,"column":38}},"loc":{"start":{"line":17,"column":45},"end":{"line":20,"column":9}},"line":17}},"branchMap":{"0":{"loc":{"start":{"line":12,"column":4},"end":{"line":21,"column":5}},"type":"if","locations":[{"start":{"line":12,"column":4},"end":{"line":21,"column":5}},{"start":{"line":12,"column":4},"end":{"line":21,"column":5}}],"line":12},"1":{"loc":{"start":{"line":13,"column":8},"end":{"line":15,"column":9}},"type":"if","locations":[{"start":{"line":13,"column":8},"end":{"line":15,"column":9}},{"start":{"line":13,"column":8},"end":{"line":15,"column":9}}],"line":13}},"s":{"0":1,"1":11,"2":11,"3":1,"4":9,"5":9,"6":5,"7":4,"8":4,"9":7,"10":7,"11":9},"f":{"0":11,"1":9,"2":7},"b":{"0":[5,4],"1":[4,1]},"_coverageSchema":"43e27e138ebf9cfc5966b082cf9a028302ed4184","hash":"a2654c6f144bab599dd9a271d64329496883a5fa"}
,"/Users/valeriaberrocal/Desktop/LIM009-fe-md-links/src/links-controller.js": {"path":"/Users/valeriaberrocal/Desktop/LIM009-fe-md-links/src/links-controller.js","statementMap":{"0":{"start":{"line":4,"column":31},"end":{"line":13,"column":1}},"1":{"start":{"line":5,"column":21},"end":{"line":5,"column":53}},"2":{"start":{"line":6,"column":19},"end":{"line":6,"column":42}},"3":{"start":{"line":7,"column":16},"end":{"line":7,"column":18}},"4":{"start":{"line":8,"column":4},"end":{"line":10,"column":6}},"5":{"start":{"line":9,"column":8},"end":{"line":9,"column":74}},"6":{"start":{"line":11,"column":4},"end":{"line":11,"column":46}},"7":{"start":{"line":12,"column":4},"end":{"line":12,"column":17}}},"fnMap":{"0":{"name":"(anonymous_0)","decl":{"start":{"line":4,"column":31},"end":{"line":4,"column":32}},"loc":{"start":{"line":4,"column":41},"end":{"line":13,"column":1}},"line":4},"1":{"name":"(anonymous_1)","decl":{"start":{"line":8,"column":20},"end":{"line":8,"column":21}},"loc":{"start":{"line":8,"column":43},"end":{"line":10,"column":5}},"line":8}},"branchMap":{},"s":{"0":1,"1":5,"2":5,"3":5,"4":5,"5":12,"6":5,"7":5},"f":{"0":5,"1":12},"b":{},"_coverageSchema":"43e27e138ebf9cfc5966b082cf9a028302ed4184","hash":"6e7c6fa52a0fdd46e1aad9a3063b901ec63f0175"}
,"/Users/valeriaberrocal/Desktop/LIM009-fe-md-links/src/path-controller.js": {"path":"/Users/valeriaberrocal/Desktop/LIM009-fe-md-links/src/path-controller.js","statementMap":{"0":{"start":{"line":3,"column":26},"end":{"line":5,"column":1}},"1":{"start":{"line":4,"column":4},"end":{"line":4,"column":32}},"2":{"start":{"line":7,"column":26},"end":{"line":9,"column":1}},"3":{"start":{"line":8,"column":4},"end":{"line":8,"column":29}},"4":{"start":{"line":11,"column":20},"end":{"line":13,"column":1}},"5":{"start":{"line":12,"column":4},"end":{"line":12,"column":40}}},"fnMap":{"0":{"name":"(anonymous_0)","decl":{"start":{"line":3,"column":26},"end":{"line":3,"column":27}},"loc":{"start":{"line":3,"column":35},"end":{"line":5,"column":1}},"line":3},"1":{"name":"(anonymous_1)","decl":{"start":{"line":7,"column":26},"end":{"line":7,"column":27}},"loc":{"start":{"line":7,"column":35},"end":{"line":9,"column":1}},"line":7},"2":{"name":"(anonymous_2)","decl":{"start":{"line":11,"column":20},"end":{"line":11,"column":21}},"loc":{"start":{"line":11,"column":29},"end":{"line":13,"column":1}},"line":11}},"branchMap":{},"s":{"0":2,"1":2,"2":2,"3":1,"4":2,"5":7},"f":{"0":2,"1":1,"2":7},"b":{},"_coverageSchema":"43e27e138ebf9cfc5966b082cf9a028302ed4184","hash":"f7d0893f4a2accc732a00132fa74e65c80044094"}
,"/Users/valeriaberrocal/Desktop/LIM009-fe-md-links/src/stats.js": {"path":"/Users/valeriaberrocal/Desktop/LIM009-fe-md-links/src/stats.js","statementMap":{"0":{"start":{"line":1,"column":25},"end":{"line":15,"column":1}},"1":{"start":{"line":2,"column":4},"end":{"line":13,"column":5}},"2":{"start":{"line":3,"column":8},"end":{"line":7,"column":9}},"3":{"start":{"line":9,"column":8},"end":{"line":12,"column":9}},"4":{"start":{"line":16,"column":21},"end":{"line":19,"column":1}},"5":{"start":{"line":17,"column":16},"end":{"line":17,"column":26}},"6":{"start":{"line":18,"column":4},"end":{"line":18,"column":17}},"7":{"start":{"line":21,"column":22},"end":{"line":26,"column":1}},"8":{"start":{"line":22,"column":4},"end":{"line":24,"column":6}},"9":{"start":{"line":23,"column":8},"end":{"line":23,"column":30}},"10":{"start":{"line":25,"column":4},"end":{"line":25,"column":21}},"11":{"start":{"line":28,"column":22},"end":{"line":34,"column":1}},"12":{"start":{"line":29,"column":21},"end":{"line":31,"column":6}},"13":{"start":{"line":30,"column":8},"end":{"line":30,"column":22}},"14":{"start":{"line":32,"column":17},"end":{"line":32,"column":42}},"15":{"start":{"line":33,"column":4},"end":{"line":33,"column":25}}},"fnMap":{"0":{"name":"(anonymous_0)","decl":{"start":{"line":1,"column":25},"end":{"line":1,"column":26}},"loc":{"start":{"line":1,"column":41},"end":{"line":15,"column":1}},"line":1},"1":{"name":"(anonymous_1)","decl":{"start":{"line":16,"column":21},"end":{"line":16,"column":22}},"loc":{"start":{"line":16,"column":30},"end":{"line":19,"column":1}},"line":16},"2":{"name":"(anonymous_2)","decl":{"start":{"line":21,"column":22},"end":{"line":21,"column":23}},"loc":{"start":{"line":21,"column":31},"end":{"line":26,"column":1}},"line":21},"3":{"name":"(anonymous_3)","decl":{"start":{"line":22,"column":21},"end":{"line":22,"column":22}},"loc":{"start":{"line":22,"column":24},"end":{"line":24,"column":5}},"line":22},"4":{"name":"(anonymous_4)","decl":{"start":{"line":28,"column":22},"end":{"line":28,"column":23}},"loc":{"start":{"line":28,"column":31},"end":{"line":34,"column":1}},"line":28},"5":{"name":"(anonymous_5)","decl":{"start":{"line":29,"column":29},"end":{"line":29,"column":30}},"loc":{"start":{"line":29,"column":32},"end":{"line":31,"column":5}},"line":29}},"branchMap":{"0":{"loc":{"start":{"line":2,"column":4},"end":{"line":13,"column":5}},"type":"if","locations":[{"start":{"line":2,"column":4},"end":{"line":13,"column":5}},{"start":{"line":2,"column":4},"end":{"line":13,"column":5}}],"line":2}},"s":{"0":1,"1":2,"2":1,"3":1,"4":1,"5":3,"6":3,"7":1,"8":2,"9":4,"10":2,"11":1,"12":3,"13":6,"14":3,"15":3},"f":{"0":2,"1":3,"2":2,"3":4,"4":3,"5":6},"b":{"0":[1,1]},"_coverageSchema":"43e27e138ebf9cfc5966b082cf9a028302ed4184","hash":"095b482ca01679255aef02eb12ab04f27bade0ee"}
}
