TN:
SF:/Users/valeriaberrocal/Desktop/LIM009-fe-md-links/src/directory-controller.js
FN:6,(anonymous_0)
FN:10,(anonymous_1)
FN:17,(anonymous_2)
FNF:3
FNH:3
FNDA:12,(anonymous_0)
FNDA:10,(anonymous_1)
FNDA:7,(anonymous_2)
DA:6,1
DA:7,12
DA:8,12
DA:10,1
DA:11,10
DA:12,10
DA:13,6
DA:14,5
DA:17,4
DA:18,7
DA:19,7
DA:22,10
LF:12
LH:12
BRDA:12,0,0,6
BRDA:12,0,1,4
BRDA:13,1,0,5
BRDA:13,1,1,1
BRF:4
BRH:4
end_of_record
TN:
SF:/Users/valeriaberrocal/Desktop/LIM009-fe-md-links/src/links-controller.js
FN:4,(anonymous_0)
FN:8,(anonymous_1)
FNF:2
FNH:2
FNDA:6,(anonymous_0)
FNDA:14,(anonymous_1)
DA:4,1
DA:5,6
DA:6,6
DA:7,6
DA:8,6
DA:9,14
DA:11,6
DA:12,6
LF:8
LH:8
BRF:0
BRH:0
end_of_record
TN:
SF:/Users/valeriaberrocal/Desktop/LIM009-fe-md-links/src/path-controller.js
FN:3,(anonymous_0)
FN:7,(anonymous_1)
FN:11,(anonymous_2)
FNF:3
FNH:3
FNDA:2,(anonymous_0)
FNDA:1,(anonymous_1)
FNDA:8,(anonymous_2)
DA:3,1
DA:4,2
DA:7,1
DA:8,1
DA:11,1
DA:12,8
LF:6
LH:6
BRF:0
BRH:0
end_of_record
TN:
SF:/Users/valeriaberrocal/Desktop/LIM009-fe-md-links/src/validate.js
FN:3,(anonymous_0)
FN:4,(anonymous_1)
FN:6,(anonymous_2)
FNF:3
FNH:3
FNDA:1,(anonymous_0)
FNDA:2,(anonymous_1)
FNDA:2,(anonymous_2)
DA:3,1
DA:4,1
DA:5,2
DA:7,2
DA:8,2
DA:9,2
DA:12,1
LF:7
LH:7
BRF:0
BRH:0
end_of_record
