TN:
SF:/Users/valeriaberrocal/Desktop/LIM009-fe-md-links/src/cli.js
FN:6,(anonymous_0)
FN:13,(anonymous_1)
FN:14,(anonymous_2)
FN:23,(anonymous_3)
FN:31,(anonymous_4)
FN:40,(anonymous_5)
FN:41,(anonymous_6)
FNF:7
FNH:7
FNDA:8,(anonymous_0)
FNDA:2,(anonymous_1)
FNDA:2,(anonymous_2)
FNDA:2,(anonymous_3)
FNDA:2,(anonymous_4)
FNDA:2,(anonymous_5)
FNDA:2,(anonymous_6)
DA:6,1
DA:7,8
DA:8,8
DA:9,8
DA:10,6
DA:11,2
DA:12,2
DA:14,2
DA:15,2
DA:16,2
DA:17,2
DA:19,2
DA:21,4
DA:22,2
DA:24,2
DA:26,2
DA:27,2
DA:29,2
DA:30,2
DA:32,2
DA:34,2
DA:35,2
DA:39,2
DA:41,2
DA:42,2
DA:43,2
DA:44,2
DA:46,2
LF:28
LH:28
BRDA:9,0,0,6
BRDA:9,0,1,2
BRDA:10,1,0,2
BRDA:10,1,1,4
BRDA:21,2,0,2
BRDA:21,2,1,2
BRDA:21,3,0,4
BRDA:21,3,1,4
BRDA:29,4,0,2
BRDA:29,4,1,0
BRF:10
BRH:9
end_of_record
TN:
SF:/Users/valeriaberrocal/Desktop/LIM009-fe-md-links/src/directory-controller.js
FN:6,(anonymous_0)
FN:10,(anonymous_1)
FN:17,(anonymous_2)
FNF:3
FNH:3
FNDA:60,(anonymous_0)
FNDA:58,(anonymous_1)
FNDA:43,(anonymous_2)
DA:6,4
DA:7,60
DA:8,60
DA:10,4
DA:11,58
DA:12,58
DA:13,30
DA:14,25
DA:17,28
DA:18,43
DA:19,43
DA:22,58
LF:12
LH:12
BRDA:12,0,0,30
BRDA:12,0,1,28
BRDA:13,1,0,25
BRDA:13,1,1,5
BRF:4
BRH:4
end_of_record
TN:
SF:/Users/valeriaberrocal/Desktop/LIM009-fe-md-links/src/links-controller.js
FN:4,(anonymous_0)
FN:8,(anonymous_1)
FNF:2
FNH:2
FNDA:26,(anonymous_0)
FNDA:51,(anonymous_1)
DA:4,4
DA:5,26
DA:6,26
DA:7,26
DA:8,26
DA:9,51
DA:11,26
DA:12,26
LF:8
LH:8
BRF:0
BRH:0
end_of_record
TN:
SF:/Users/valeriaberrocal/Desktop/LIM009-fe-md-links/src/mdLinks.js
FN:5,(anonymous_0)
FN:6,(anonymous_1)
FNF:2
FNH:2
FNDA:14,(anonymous_0)
FNDA:14,(anonymous_1)
DA:5,2
DA:6,14
DA:7,14
DA:8,12
DA:9,8
DA:11,4
DA:14,2
LF:7
LH:7
BRDA:7,0,0,12
BRDA:7,0,1,2
BRDA:8,1,0,8
BRDA:8,1,1,4
BRF:4
BRH:4
end_of_record
TN:
SF:/Users/valeriaberrocal/Desktop/LIM009-fe-md-links/src/path-controller.js
FN:3,(anonymous_0)
FN:7,(anonymous_1)
FN:11,(anonymous_2)
FNF:3
FNH:3
FNDA:16,(anonymous_0)
FNDA:3,(anonymous_1)
FNDA:32,(anonymous_2)
DA:3,5
DA:4,16
DA:7,5
DA:8,3
DA:11,5
DA:12,32
LF:6
LH:6
BRF:0
BRH:0
end_of_record
TN:
SF:/Users/valeriaberrocal/Desktop/LIM009-fe-md-links/src/stats.js
FN:1,(anonymous_0)
FN:16,(anonymous_1)
FN:21,(anonymous_2)
FN:22,(anonymous_3)
FN:28,(anonymous_4)
FN:29,(anonymous_5)
FNF:6
FNH:6
FNDA:12,(anonymous_0)
FNDA:13,(anonymous_1)
FNDA:8,(anonymous_2)
FNDA:10,(anonymous_3)
FNDA:13,(anonymous_4)
FNDA:16,(anonymous_5)
DA:1,2
DA:2,12
DA:3,7
DA:9,5
DA:16,2
DA:17,13
DA:18,13
DA:21,2
DA:22,8
DA:23,10
DA:25,8
DA:28,2
DA:29,13
DA:30,16
DA:32,13
DA:33,13
LF:16
LH:16
BRDA:2,0,0,7
BRDA:2,0,1,5
BRF:2
BRH:2
end_of_record
TN:
SF:/Users/valeriaberrocal/Desktop/LIM009-fe-md-links/src/validate.js
FN:3,(anonymous_0)
FN:4,(anonymous_1)
FN:6,(anonymous_2)
FNF:3
FNH:3
FNDA:9,(anonymous_0)
FNDA:23,(anonymous_1)
FNDA:23,(anonymous_2)
DA:3,3
DA:4,9
DA:5,23
DA:7,23
DA:8,20
DA:9,20
DA:10,20
DA:12,3
DA:13,3
DA:14,3
DA:18,9
LF:11
LH:11
BRDA:7,0,0,20
BRDA:7,0,1,3
BRDA:7,1,0,23
BRDA:7,1,1,23
BRF:4
BRH:4
end_of_record
